#
# A fatal error has been detected by the Java Runtime Environment:
#
#  SIGSEGV (0xb) at pc=0x0000000000000000, pid=10942, tid=10946
#
# JRE version: OpenJDK Runtime Environment Microsoft-31205 (11.0.14.1+1) (build 11.0.14.1+1-LTS)
# Java VM: OpenJDK 64-Bit Server VM Microsoft-31205 (11.0.14.1+1-LTS, mixed mode, tiered, compressed oops, g1 gc, linux-amd64)
# Problematic frame:
# C  0x0000000000000000
#
# Core dump will be written. Default location: Core dumps may be processed with "/usr/share/apport/apport -p%p -s%s -c%c -d%d -P%P -u%u -g%g -- %E" (or dumping to /workspaces/multicharge/core.10942)
#
# If you would like to submit a bug report, please visit:
#   https://github.com/microsoft/openjdk/issues
# The crash happened outside the Java Virtual Machine in native code.
# See problematic frame for where to report the bug.
#

---------------  S U M M A R Y ------------

Command Line: Client

Host: Intel(R) Xeon(R) Platinum 8370C CPU @ 2.80GHz, 2 cores, 7G, Ubuntu 20.04.6 LTS
Time: Mon May 13 20:47:53 2024 UTC elapsed time: 0.396857 seconds (0d 0h 0m 0s)

---------------  T H R E A D  ---------------

Current thread (0x0000742a6c027000):  JavaThread "main" [_thread_in_native, id=10946, stack(0x0000742a71de4000,0x0000742a71ee5000)]

Stack: [0x0000742a71de4000,0x0000742a71ee5000],  sp=0x0000742a71ee3658,  free space=1021k
Java frames: (J=compiled Java code, j=interpreted, Vv=VM code)
j  com.raylib.Raylib.InitWindow(IILjava/lang/String;)V+0
j  Client.main([Ljava/lang/String;)V+40
v  ~StubRoutines::call_stub

siginfo: si_signo: 11 (SIGSEGV), si_code: 1 (SEGV_MAPERR), si_addr: 0x0000000000000000

Register to memory mapping:

RAX=0x0000742a455a9758: glad_glBindTexture+0x0000000000000000 in /home/codespace/.javacpp/cache/jaylib-5.0.0-0.jar/com/raylib/linux-x86_64/libjniRaylib.so at 0x0000742a45239000
RBX=0x0 is NULL
RCX=0x0000000000000007 is an unknown value
RDX=0x0000000000000001 is an unknown value
RSP=0x0000742a71ee3658 is pointing into the stack for thread: 0x0000742a6c027000
RBP=0x0 is NULL
RSI=0x0 is NULL
RDI=0x0000000000000de1 is an unknown value
R8 =0x0000000000000001 is an unknown value
R9 =0x0000000000000029 is an unknown value
R10=0x0000742a71ee3620 is pointing into the stack for thread: 0x0000742a6c027000
R11=0x0 is NULL
R12=0x3f8000003f800000 is an unknown value
R13=0x0000000000000007 is an unknown value
R14=0x0000742a71ee3988 is pointing into the stack for thread: 0x0000742a6c027000
R15=0x0000742a6c027000 is a thread


Registers:
RAX=0x0000742a455a9758, RBX=0x0000000000000000, RCX=0x0000000000000007, RDX=0x0000000000000001
RSP=0x0000742a71ee3658, RBP=0x0000000000000000, RSI=0x0000000000000000, RDI=0x0000000000000de1
R8 =0x0000000000000001, R9 =0x0000000000000029, R10=0x0000742a71ee3620, R11=0x0000000000000000
R12=0x3f8000003f800000, R13=0x0000000000000007, R14=0x0000742a71ee3988, R15=0x0000742a6c027000
RIP=0x0000000000000000, EFLAGS=0x0000000000010246, CSGSFS=0x002b000000000033, ERR=0x0000000000000014
  TRAPNO=0x000000000000000e

Top of Stack: (sp=0x0000742a71ee3658)
0x0000742a71ee3658:   0000742a453872af 0000742a6c0011e0
0x0000742a71ee3668:   0000742a71ee3734 0000742a00000001
0x0000742a71ee3678:   0000742a73600b59 0000000000060004
0x0000742a71ee3688:   0000742a6c2dc240 0000000000000000 

Instructions: (pc=0x0000000000000000)
0xffffffffffffff00:   


Stack slot to memory mapping:
stack at sp + 0 slots: 0x0000742a453872af: rlLoadTexture+0x000000000000004f in /home/codespace/.javacpp/cache/jaylib-5.0.0-0.jar/com/raylib/linux-x86_64/libjniRaylib.so at 0x0000742a45239000
stack at sp + 1 slots: 0x0000742a6c0011e0 points into unknown readable memory: 0x0000000100000000 | 00 00 00 00 01 00 00 00
stack at sp + 2 slots: 0x0000742a71ee3734 is pointing into the stack for thread: 0x0000742a6c027000
stack at sp + 3 slots: 0x0000742a00000001 is an unknown value
stack at sp + 4 slots: 0x0000742a73600b59: <offset 0x0000000000001b59> in /lib/x86_64-linux-gnu/libdl.so.2 at 0x0000742a735ff000
stack at sp + 5 slots: 0x0000000000060004 is an unknown value
stack at sp + 6 slots: 0x0000742a6c2dc240 points into unknown readable memory: 0x0000742a455d6000 | 00 60 5d 45 2a 74 00 00
stack at sp + 7 slots: 0x0 is NULL


---------------  P R O C E S S  ---------------

Threads class SMR info:
_java_thread_list=0x0000742a6c30db50, length=10, elements={
0x0000742a6c027000, 0x0000742a6c14c000, 0x0000742a6c150800, 0x0000742a6c168000,
0x0000742a6c16a000, 0x0000742a6c16c000, 0x0000742a6c16e800, 0x0000742a6c170800,
0x0000742a6c1dd800, 0x0000742a6c312000
}

Java Threads: ( => current thread )
=>0x0000742a6c027000 JavaThread "main" [_thread_in_native, id=10946, stack(0x0000742a71de4000,0x0000742a71ee5000)]
  0x0000742a6c14c000 JavaThread "Reference Handler" daemon [_thread_blocked, id=10970, stack(0x0000742a70345000,0x0000742a70446000)]
  0x0000742a6c150800 JavaThread "Finalizer" daemon [_thread_blocked, id=10971, stack(0x0000742a70244000,0x0000742a70345000)]
  0x0000742a6c168000 JavaThread "Signal Dispatcher" daemon [_thread_blocked, id=10978, stack(0x0000742a4c0ff000,0x0000742a4c200000)]
  0x0000742a6c16a000 JavaThread "Service Thread" daemon [_thread_blocked, id=10979, stack(0x0000742a45c19000,0x0000742a45d1a000)]
  0x0000742a6c16c000 JavaThread "C2 CompilerThread0" daemon [_thread_in_native, id=10980, stack(0x0000742a45b18000,0x0000742a45c19000)]
  0x0000742a6c16e800 JavaThread "C1 CompilerThread0" daemon [_thread_blocked, id=10981, stack(0x0000742a45a17000,0x0000742a45b18000)]
  0x0000742a6c170800 JavaThread "Sweeper thread" daemon [_thread_blocked, id=10982, stack(0x0000742a45916000,0x0000742a45a17000)]
  0x0000742a6c1dd800 JavaThread "Common-Cleaner" daemon [_thread_blocked, id=10987, stack(0x0000742a45713000,0x0000742a45814000)]
  0x0000742a6c312000 JavaThread "JavaCPP Deallocator" daemon [_thread_blocked, id=10990, stack(0x0000742a44f56000,0x0000742a45057000)]

Other Threads:
  0x0000742a6c144000 VMThread "VM Thread" [stack: 0x0000742a70448000,0x0000742a70548000] [id=10968]
  0x0000742a6c1d0800 WatcherThread [stack: 0x0000742a45816000,0x0000742a45916000] [id=10986]
  0x0000742a6c03e800 GCTaskThread "GC Thread#0" [stack: 0x0000742a71a7e000,0x0000742a71b7e000] [id=10951]
  0x0000742a6c070000 ConcurrentGCThread "G1 Main Marker" [stack: 0x0000742a70b98000,0x0000742a70c98000] [id=10953]
  0x0000742a6c071800 ConcurrentGCThread "G1 Conc#0" [stack: 0x0000742a70a96000,0x0000742a70b96000] [id=10957]
  0x0000742a6c0e1800 ConcurrentGCThread "G1 Refine#0" [stack: 0x0000742a70792000,0x0000742a70892000] [id=10960]
  0x0000742a6c0e3800 ConcurrentGCThread "G1 Young RemSet Sampling" [stack: 0x0000742a70690000,0x0000742a70790000] [id=10962]

Threads with active compile tasks:
C2 CompilerThread0    412  389       4       java.util.HashMap::putVal (300 bytes)

VM state:not at safepoint (normal execution)

VM Mutex/Monitor currently owned by a thread: None

Heap address: 0x0000000084000000, size: 1984 MB, Compressed Oops mode: 32-bit
Narrow klass base: 0x0000000000000000, Narrow klass shift: 3
Compressed class space size: 1073741824 Address: 0x0000000100000000

Heap:
 garbage-first heap   total 126976K, used 4096K [0x0000000084000000, 0x0000000100000000)
  region size 1024K, 5 young (5120K), 0 survivors (0K)
 Metaspace       used 8715K, capacity 8858K, committed 9088K, reserved 1056768K
  class space    used 754K, capacity 806K, committed 896K, reserved 1048576K
Heap Regions: E=young(eden), S=young(survivor), O=old, HS=humongous(starts), HC=humongous(continues), CS=collection set, F=free, A=archive, TAMS=top-at-mark-start (previous, next)
|   0|0x0000000084000000, 0x0000000084000000, 0x0000000084100000|  0%| F|  |TAMS 0x0000000084000000, 0x0000000084000000| Untracked 
|   1|0x0000000084100000, 0x0000000084100000, 0x0000000084200000|  0%| F|  |TAMS 0x0000000084100000, 0x0000000084100000| Untracked 
|   2|0x0000000084200000, 0x0000000084200000, 0x0000000084300000|  0%| F|  |TAMS 0x0000000084200000, 0x0000000084200000| Untracked 
|   3|0x0000000084300000, 0x0000000084300000, 0x0000000084400000|  0%| F|  |TAMS 0x0000000084300000, 0x0000000084300000| Untracked 
|   4|0x0000000084400000, 0x0000000084400000, 0x0000000084500000|  0%| F|  |TAMS 0x0000000084400000, 0x0000000084400000| Untracked 
|   5|0x0000000084500000, 0x0000000084500000, 0x0000000084600000|  0%| F|  |TAMS 0x0000000084500000, 0x0000000084500000| Untracked 
|   6|0x0000000084600000, 0x0000000084600000, 0x0000000084700000|  0%| F|  |TAMS 0x0000000084600000, 0x0000000084600000| Untracked 
|   7|0x0000000084700000, 0x0000000084700000, 0x0000000084800000|  0%| F|  |TAMS 0x0000000084700000, 0x0000000084700000| Untracked 
|   8|0x0000000084800000, 0x0000000084800000, 0x0000000084900000|  0%| F|  |TAMS 0x0000000084800000, 0x0000000084800000| Untracked 
|   9|0x0000000084900000, 0x0000000084900000, 0x0000000084a00000|  0%| F|  |TAMS 0x0000000084900000, 0x0000000084900000| Untracked 
|  10|0x0000000084a00000, 0x0000000084a00000, 0x0000000084b00000|  0%| F|  |TAMS 0x0000000084a00000, 0x0000000084a00000| Untracked 
|  11|0x0000000084b00000, 0x0000000084b00000, 0x0000000084c00000|  0%| F|  |TAMS 0x0000000084b00000, 0x0000000084b00000| Untracked 
|  12|0x0000000084c00000, 0x0000000084c00000, 0x0000000084d00000|  0%| F|  |TAMS 0x0000000084c00000, 0x0000000084c00000| Untracked 
|  13|0x0000000084d00000, 0x0000000084d00000, 0x0000000084e00000|  0%| F|  |TAMS 0x0000000084d00000, 0x0000000084d00000| Untracked 
|  14|0x0000000084e00000, 0x0000000084e00000, 0x0000000084f00000|  0%| F|  |TAMS 0x0000000084e00000, 0x0000000084e00000| Untracked 
|  15|0x0000000084f00000, 0x0000000084f00000, 0x0000000085000000|  0%| F|  |TAMS 0x0000000084f00000, 0x0000000084f00000| Untracked 
|  16|0x0000000085000000, 0x0000000085000000, 0x0000000085100000|  0%| F|  |TAMS 0x0000000085000000, 0x0000000085000000| Untracked 
|  17|0x0000000085100000, 0x0000000085100000, 0x0000000085200000|  0%| F|  |TAMS 0x0000000085100000, 0x0000000085100000| Untracked 
|  18|0x0000000085200000, 0x0000000085200000, 0x0000000085300000|  0%| F|  |TAMS 0x0000000085200000, 0x0000000085200000| Untracked 
|  19|0x0000000085300000, 0x0000000085300000, 0x0000000085400000|  0%| F|  |TAMS 0x0000000085300000, 0x0000000085300000| Untracked 
|  20|0x0000000085400000, 0x0000000085400000, 0x0000000085500000|  0%| F|  |TAMS 0x0000000085400000, 0x0000000085400000| Untracked 
|  21|0x0000000085500000, 0x0000000085500000, 0x0000000085600000|  0%| F|  |TAMS 0x0000000085500000, 0x0000000085500000| Untracked 
|  22|0x0000000085600000, 0x0000000085600000, 0x0000000085700000|  0%| F|  |TAMS 0x0000000085600000, 0x0000000085600000| Untracked 
|  23|0x0000000085700000, 0x0000000085700000, 0x0000000085800000|  0%| F|  |TAMS 0x0000000085700000, 0x0000000085700000| Untracked 
|  24|0x0000000085800000, 0x0000000085800000, 0x0000000085900000|  0%| F|  |TAMS 0x0000000085800000, 0x0000000085800000| Untracked 
|  25|0x0000000085900000, 0x0000000085900000, 0x0000000085a00000|  0%| F|  |TAMS 0x0000000085900000, 0x0000000085900000| Untracked 
|  26|0x0000000085a00000, 0x0000000085a00000, 0x0000000085b00000|  0%| F|  |TAMS 0x0000000085a00000, 0x0000000085a00000| Untracked 
|  27|0x0000000085b00000, 0x0000000085b00000, 0x0000000085c00000|  0%| F|  |TAMS 0x0000000085b00000, 0x0000000085b00000| Untracked 
|  28|0x0000000085c00000, 0x0000000085c00000, 0x0000000085d00000|  0%| F|  |TAMS 0x0000000085c00000, 0x0000000085c00000| Untracked 
|  29|0x0000000085d00000, 0x0000000085d00000, 0x0000000085e00000|  0%| F|  |TAMS 0x0000000085d00000, 0x0000000085d00000| Untracked 
|  30|0x0000000085e00000, 0x0000000085e00000, 0x0000000085f00000|  0%| F|  |TAMS 0x0000000085e00000, 0x0000000085e00000| Untracked 
|  31|0x0000000085f00000, 0x0000000085f00000, 0x0000000086000000|  0%| F|  |TAMS 0x0000000085f00000, 0x0000000085f00000| Untracked 
|  32|0x0000000086000000, 0x0000000086000000, 0x0000000086100000|  0%| F|  |TAMS 0x0000000086000000, 0x0000000086000000| Untracked 
|  33|0x0000000086100000, 0x0000000086100000, 0x0000000086200000|  0%| F|  |TAMS 0x0000000086100000, 0x0000000086100000| Untracked 
|  34|0x0000000086200000, 0x0000000086200000, 0x0000000086300000|  0%| F|  |TAMS 0x0000000086200000, 0x0000000086200000| Untracked 
|  35|0x0000000086300000, 0x0000000086300000, 0x0000000086400000|  0%| F|  |TAMS 0x0000000086300000, 0x0000000086300000| Untracked 
|  36|0x0000000086400000, 0x0000000086400000, 0x0000000086500000|  0%| F|  |TAMS 0x0000000086400000, 0x0000000086400000| Untracked 
|  37|0x0000000086500000, 0x0000000086500000, 0x0000000086600000|  0%| F|  |TAMS 0x0000000086500000, 0x0000000086500000| Untracked 
|  38|0x0000000086600000, 0x0000000086600000, 0x0000000086700000|  0%| F|  |TAMS 0x0000000086600000, 0x0000000086600000| Untracked 
|  39|0x0000000086700000, 0x0000000086700000, 0x0000000086800000|  0%| F|  |TAMS 0x0000000086700000, 0x0000000086700000| Untracked 
|  40|0x0000000086800000, 0x0000000086800000, 0x0000000086900000|  0%| F|  |TAMS 0x0000000086800000, 0x0000000086800000| Untracked 
|  41|0x0000000086900000, 0x0000000086900000, 0x0000000086a00000|  0%| F|  |TAMS 0x0000000086900000, 0x0000000086900000| Untracked 
|  42|0x0000000086a00000, 0x0000000086a00000, 0x0000000086b00000|  0%| F|  |TAMS 0x0000000086a00000, 0x0000000086a00000| Untracked 
|  43|0x0000000086b00000, 0x0000000086b00000, 0x0000000086c00000|  0%| F|  |TAMS 0x0000000086b00000, 0x0000000086b00000| Untracked 
|  44|0x0000000086c00000, 0x0000000086c00000, 0x0000000086d00000|  0%| F|  |TAMS 0x0000000086c00000, 0x0000000086c00000| Untracked 
|  45|0x0000000086d00000, 0x0000000086d00000, 0x0000000086e00000|  0%| F|  |TAMS 0x0000000086d00000, 0x0000000086d00000| Untracked 
|  46|0x0000000086e00000, 0x0000000086e00000, 0x0000000086f00000|  0%| F|  |TAMS 0x0000000086e00000, 0x0000000086e00000| Untracked 
|  47|0x0000000086f00000, 0x0000000086f00000, 0x0000000087000000|  0%| F|  |TAMS 0x0000000086f00000, 0x0000000086f00000| Untracked 
|  48|0x0000000087000000, 0x0000000087000000, 0x0000000087100000|  0%| F|  |TAMS 0x0000000087000000, 0x0000000087000000| Untracked 
|  49|0x0000000087100000, 0x0000000087100000, 0x0000000087200000|  0%| F|  |TAMS 0x0000000087100000, 0x0000000087100000| Untracked 
|  50|0x0000000087200000, 0x0000000087200000, 0x0000000087300000|  0%| F|  |TAMS 0x0000000087200000, 0x0000000087200000| Untracked 
|  51|0x0000000087300000, 0x0000000087300000, 0x0000000087400000|  0%| F|  |TAMS 0x0000000087300000, 0x0000000087300000| Untracked 
|  52|0x0000000087400000, 0x0000000087400000, 0x0000000087500000|  0%| F|  |TAMS 0x0000000087400000, 0x0000000087400000| Untracked 
|  53|0x0000000087500000, 0x0000000087500000, 0x0000000087600000|  0%| F|  |TAMS 0x0000000087500000, 0x0000000087500000| Untracked 
|  54|0x0000000087600000, 0x0000000087600000, 0x0000000087700000|  0%| F|  |TAMS 0x0000000087600000, 0x0000000087600000| Untracked 
|  55|0x0000000087700000, 0x0000000087700000, 0x0000000087800000|  0%| F|  |TAMS 0x0000000087700000, 0x0000000087700000| Untracked 
|  56|0x0000000087800000, 0x0000000087800000, 0x0000000087900000|  0%| F|  |TAMS 0x0000000087800000, 0x0000000087800000| Untracked 
|  57|0x0000000087900000, 0x0000000087900000, 0x0000000087a00000|  0%| F|  |TAMS 0x0000000087900000, 0x0000000087900000| Untracked 
|  58|0x0000000087a00000, 0x0000000087a00000, 0x0000000087b00000|  0%| F|  |TAMS 0x0000000087a00000, 0x0000000087a00000| Untracked 
|  59|0x0000000087b00000, 0x0000000087b00000, 0x0000000087c00000|  0%| F|  |TAMS 0x0000000087b00000, 0x0000000087b00000| Untracked 
|  60|0x0000000087c00000, 0x0000000087c00000, 0x0000000087d00000|  0%| F|  |TAMS 0x0000000087c00000, 0x0000000087c00000| Untracked 
|  61|0x0000000087d00000, 0x0000000087d00000, 0x0000000087e00000|  0%| F|  |TAMS 0x0000000087d00000, 0x0000000087d00000| Untracked 
|  62|0x0000000087e00000, 0x0000000087e00000, 0x0000000087f00000|  0%| F|  |TAMS 0x0000000087e00000, 0x0000000087e00000| Untracked 
|  63|0x0000000087f00000, 0x0000000087f00000, 0x0000000088000000|  0%| F|  |TAMS 0x0000000087f00000, 0x0000000087f00000| Untracked 
|  64|0x0000000088000000, 0x0000000088000000, 0x0000000088100000|  0%| F|  |TAMS 0x0000000088000000, 0x0000000088000000| Untracked 
|  65|0x0000000088100000, 0x0000000088100000, 0x0000000088200000|  0%| F|  |TAMS 0x0000000088100000, 0x0000000088100000| Untracked 
|  66|0x0000000088200000, 0x0000000088200000, 0x0000000088300000|  0%| F|  |TAMS 0x0000000088200000, 0x0000000088200000| Untracked 
|  67|0x0000000088300000, 0x0000000088300000, 0x0000000088400000|  0%| F|  |TAMS 0x0000000088300000, 0x0000000088300000| Untracked 
|  68|0x0000000088400000, 0x0000000088400000, 0x0000000088500000|  0%| F|  |TAMS 0x0000000088400000, 0x0000000088400000| Untracked 
|  69|0x0000000088500000, 0x0000000088500000, 0x0000000088600000|  0%| F|  |TAMS 0x0000000088500000, 0x0000000088500000| Untracked 
|  70|0x0000000088600000, 0x0000000088600000, 0x0000000088700000|  0%| F|  |TAMS 0x0000000088600000, 0x0000000088600000| Untracked 
|  71|0x0000000088700000, 0x0000000088700000, 0x0000000088800000|  0%| F|  |TAMS 0x0000000088700000, 0x0000000088700000| Untracked 
|  72|0x0000000088800000, 0x0000000088800000, 0x0000000088900000|  0%| F|  |TAMS 0x0000000088800000, 0x0000000088800000| Untracked 
|  73|0x0000000088900000, 0x0000000088900000, 0x0000000088a00000|  0%| F|  |TAMS 0x0000000088900000, 0x0000000088900000| Untracked 
|  74|0x0000000088a00000, 0x0000000088a00000, 0x0000000088b00000|  0%| F|  |TAMS 0x0000000088a00000, 0x0000000088a00000| Untracked 
|  75|0x0000000088b00000, 0x0000000088b00000, 0x0000000088c00000|  0%| F|  |TAMS 0x0000000088b00000, 0x0000000088b00000| Untracked 
|  76|0x0000000088c00000, 0x0000000088c00000, 0x0000000088d00000|  0%| F|  |TAMS 0x0000000088c00000, 0x0000000088c00000| Untracked 
|  77|0x0000000088d00000, 0x0000000088d00000, 0x0000000088e00000|  0%| F|  |TAMS 0x0000000088d00000, 0x0000000088d00000| Untracked 
|  78|0x0000000088e00000, 0x0000000088e00000, 0x0000000088f00000|  0%| F|  |TAMS 0x0000000088e00000, 0x0000000088e00000| Untracked 
|  79|0x0000000088f00000, 0x0000000088f00000, 0x0000000089000000|  0%| F|  |TAMS 0x0000000088f00000, 0x0000000088f00000| Untracked 
|  80|0x0000000089000000, 0x0000000089000000, 0x0000000089100000|  0%| F|  |TAMS 0x0000000089000000, 0x0000000089000000| Untracked 
|  81|0x0000000089100000, 0x0000000089100000, 0x0000000089200000|  0%| F|  |TAMS 0x0000000089100000, 0x0000000089100000| Untracked 
|  82|0x0000000089200000, 0x0000000089200000, 0x0000000089300000|  0%| F|  |TAMS 0x0000000089200000, 0x0000000089200000| Untracked 
|  83|0x0000000089300000, 0x0000000089300000, 0x0000000089400000|  0%| F|  |TAMS 0x0000000089300000, 0x0000000089300000| Untracked 
|  84|0x0000000089400000, 0x0000000089400000, 0x0000000089500000|  0%| F|  |TAMS 0x0000000089400000, 0x0000000089400000| Untracked 
|  85|0x0000000089500000, 0x0000000089500000, 0x0000000089600000|  0%| F|  |TAMS 0x0000000089500000, 0x0000000089500000| Untracked 
|  86|0x0000000089600000, 0x0000000089600000, 0x0000000089700000|  0%| F|  |TAMS 0x0000000089600000, 0x0000000089600000| Untracked 
|  87|0x0000000089700000, 0x0000000089700000, 0x0000000089800000|  0%| F|  |TAMS 0x0000000089700000, 0x0000000089700000| Untracked 
|  88|0x0000000089800000, 0x0000000089800000, 0x0000000089900000|  0%| F|  |TAMS 0x0000000089800000, 0x0000000089800000| Untracked 
|  89|0x0000000089900000, 0x0000000089900000, 0x0000000089a00000|  0%| F|  |TAMS 0x0000000089900000, 0x0000000089900000| Untracked 
|  90|0x0000000089a00000, 0x0000000089a00000, 0x0000000089b00000|  0%| F|  |TAMS 0x0000000089a00000, 0x0000000089a00000| Untracked 
|  91|0x0000000089b00000, 0x0000000089b00000, 0x0000000089c00000|  0%| F|  |TAMS 0x0000000089b00000, 0x0000000089b00000| Untracked 
|  92|0x0000000089c00000, 0x0000000089c00000, 0x0000000089d00000|  0%| F|  |TAMS 0x0000000089c00000, 0x0000000089c00000| Untracked 
|  93|0x0000000089d00000, 0x0000000089d00000, 0x0000000089e00000|  0%| F|  |TAMS 0x0000000089d00000, 0x0000000089d00000| Untracked 
|  94|0x0000000089e00000, 0x0000000089e00000, 0x0000000089f00000|  0%| F|  |TAMS 0x0000000089e00000, 0x0000000089e00000| Untracked 
|  95|0x0000000089f00000, 0x0000000089f00000, 0x000000008a000000|  0%| F|  |TAMS 0x0000000089f00000, 0x0000000089f00000| Untracked 
|  96|0x000000008a000000, 0x000000008a000000, 0x000000008a100000|  0%| F|  |TAMS 0x000000008a000000, 0x000000008a000000| Untracked 
|  97|0x000000008a100000, 0x000000008a100000, 0x000000008a200000|  0%| F|  |TAMS 0x000000008a100000, 0x000000008a100000| Untracked 
|  98|0x000000008a200000, 0x000000008a200000, 0x000000008a300000|  0%| F|  |TAMS 0x000000008a200000, 0x000000008a200000| Untracked 
|  99|0x000000008a300000, 0x000000008a300000, 0x000000008a400000|  0%| F|  |TAMS 0x000000008a300000, 0x000000008a300000| Untracked 
| 100|0x000000008a400000, 0x000000008a400000, 0x000000008a500000|  0%| F|  |TAMS 0x000000008a400000, 0x000000008a400000| Untracked 
| 101|0x000000008a500000, 0x000000008a500000, 0x000000008a600000|  0%| F|  |TAMS 0x000000008a500000, 0x000000008a500000| Untracked 
| 102|0x000000008a600000, 0x000000008a600000, 0x000000008a700000|  0%| F|  |TAMS 0x000000008a600000, 0x000000008a600000| Untracked 
| 103|0x000000008a700000, 0x000000008a700000, 0x000000008a800000|  0%| F|  |TAMS 0x000000008a700000, 0x000000008a700000| Untracked 
| 104|0x000000008a800000, 0x000000008a800000, 0x000000008a900000|  0%| F|  |TAMS 0x000000008a800000, 0x000000008a800000| Untracked 
| 105|0x000000008a900000, 0x000000008a900000, 0x000000008aa00000|  0%| F|  |TAMS 0x000000008a900000, 0x000000008a900000| Untracked 
| 106|0x000000008aa00000, 0x000000008aa00000, 0x000000008ab00000|  0%| F|  |TAMS 0x000000008aa00000, 0x000000008aa00000| Untracked 
| 107|0x000000008ab00000, 0x000000008ab00000, 0x000000008ac00000|  0%| F|  |TAMS 0x000000008ab00000, 0x000000008ab00000| Untracked 
| 108|0x000000008ac00000, 0x000000008ac00000, 0x000000008ad00000|  0%| F|  |TAMS 0x000000008ac00000, 0x000000008ac00000| Untracked 
| 109|0x000000008ad00000, 0x000000008ad00000, 0x000000008ae00000|  0%| F|  |TAMS 0x000000008ad00000, 0x000000008ad00000| Untracked 
| 110|0x000000008ae00000, 0x000000008ae00000, 0x000000008af00000|  0%| F|  |TAMS 0x000000008ae00000, 0x000000008ae00000| Untracked 
| 111|0x000000008af00000, 0x000000008af00000, 0x000000008b000000|  0%| F|  |TAMS 0x000000008af00000, 0x000000008af00000| Untracked 
| 112|0x000000008b000000, 0x000000008b000000, 0x000000008b100000|  0%| F|  |TAMS 0x000000008b000000, 0x000000008b000000| Untracked 
| 113|0x000000008b100000, 0x000000008b100000, 0x000000008b200000|  0%| F|  |TAMS 0x000000008b100000, 0x000000008b100000| Untracked 
| 114|0x000000008b200000, 0x000000008b200000, 0x000000008b300000|  0%| F|  |TAMS 0x000000008b200000, 0x000000008b200000| Untracked 
| 115|0x000000008b300000, 0x000000008b300000, 0x000000008b400000|  0%| F|  |TAMS 0x000000008b300000, 0x000000008b300000| Untracked 
| 116|0x000000008b400000, 0x000000008b400000, 0x000000008b500000|  0%| F|  |TAMS 0x000000008b400000, 0x000000008b400000| Untracked 
| 117|0x000000008b500000, 0x000000008b500000, 0x000000008b600000|  0%| F|  |TAMS 0x000000008b500000, 0x000000008b500000| Untracked 
| 118|0x000000008b600000, 0x000000008b600000, 0x000000008b700000|  0%| F|  |TAMS 0x000000008b600000, 0x000000008b600000| Untracked 
| 119|0x000000008b700000, 0x000000008b76c638, 0x000000008b800000| 42%| E|  |TAMS 0x000000008b700000, 0x000000008b700000| Complete 
| 120|0x000000008b800000, 0x000000008b900000, 0x000000008b900000|100%| E|CS|TAMS 0x000000008b800000, 0x000000008b800000| Complete 
| 121|0x000000008b900000, 0x000000008ba00000, 0x000000008ba00000|100%| E|CS|TAMS 0x000000008b900000, 0x000000008b900000| Complete 
| 122|0x000000008ba00000, 0x000000008bb00000, 0x000000008bb00000|100%| E|CS|TAMS 0x000000008ba00000, 0x000000008ba00000| Complete 
| 123|0x000000008bb00000, 0x000000008bc00000, 0x000000008bc00000|100%| E|CS|TAMS 0x000000008bb00000, 0x000000008bb00000| Complete 

Card table byte_map: [0x0000742a710ba000,0x0000742a7149a000] _byte_map_base: 0x0000742a70c9a000

Marking Bits (Prev, Next): (CMBitMap*) 0x0000742a6c067298, (CMBitMap*) 0x0000742a6c0672d0
 Prev Bits: [0x0000742a4e100000, 0x0000742a50000000)
 Next Bits: [0x0000742a4c200000, 0x0000742a4e100000)

Polling page: 0x0000742a7365e000

Metaspace:

Usage:
  Non-class:      7.86 MB capacity,     7.77 MB ( 99%) used,    84.27 KB (  1%) free+waste,     6.56 KB ( <1%) overhead. 
      Class:    806.00 KB capacity,   754.73 KB ( 94%) used,    48.59 KB (  6%) free+waste,     2.69 KB ( <1%) overhead. 
       Both:      8.65 MB capacity,     8.51 MB ( 98%) used,   132.86 KB (  1%) free+waste,     9.25 KB ( <1%) overhead. 

Virtual space:
  Non-class space:        8.00 MB reserved,       8.00 MB (100%) committed 
      Class space:        1.00 GB reserved,     896.00 KB ( <1%) committed 
             Both:        1.01 GB reserved,       8.88 MB ( <1%) committed 

Chunk freelists:
   Non-Class:  24.00 KB
       Class:  26.00 KB
        Both:  50.00 KB

MaxMetaspaceSize: unlimited
CompressedClassSpaceSize: 1.00 GB
Initial GC threshold: 20.80 MB
Current GC threshold: 20.80 MB
CDS: off

CodeHeap 'non-profiled nmethods': size=120036Kb used=112Kb max_used=112Kb free=119923Kb
 bounds [0x0000742a5c304000, 0x0000742a5c574000, 0x0000742a6383d000]
CodeHeap 'profiled nmethods': size=120032Kb used=541Kb max_used=541Kb free=119490Kb
 bounds [0x0000742a54dcc000, 0x0000742a5503c000, 0x0000742a5c304000]
CodeHeap 'non-nmethods': size=5692Kb used=1152Kb max_used=1168Kb free=4539Kb
 bounds [0x0000742a5483d000, 0x0000742a54aad000, 0x0000742a54dcc000]
 total_blobs=812 nmethods=408 adapters=318
 compilation: enabled
              stopped_count=0, restarted_count=0
 full_count=0

Compilation events (20 events):
Event: 0.387 Thread 0x0000742a6c16e800  400       3       java.util.WeakHashMap::getTable (9 bytes)
Event: 0.387 Thread 0x0000742a6c16e800 nmethod 400 0x0000742a54e4c710 code [0x0000742a54e4c8c0, 0x0000742a54e4ca00]
Event: 0.387 Thread 0x0000742a6c16e800  401   !   3       java.util.WeakHashMap::expungeStaleEntries (139 bytes)
Event: 0.387 Thread 0x0000742a6c16e800 nmethod 401 0x0000742a54e4ca90 code [0x0000742a54e4ccc0, 0x0000742a54e4d800]
Event: 0.387 Thread 0x0000742a6c16e800  402       3       java.util.WeakHashMap::maskNull (12 bytes)
Event: 0.387 Thread 0x0000742a6c16e800 nmethod 402 0x0000742a54e4dc90 code [0x0000742a54e4de40, 0x0000742a54e4df70]
Event: 0.387 Thread 0x0000742a6c16e800  403       3       java.util.WeakHashMap::hash (28 bytes)
Event: 0.388 Thread 0x0000742a6c16e800 nmethod 403 0x0000742a54e4e010 code [0x0000742a54e4e1c0, 0x0000742a54e4e3a0]
Event: 0.388 Thread 0x0000742a6c16e800  396       1       java.security.CodeSource::getLocation (5 bytes)
Event: 0.388 Thread 0x0000742a6c16e800 nmethod 396 0x0000742a5c31e010 code [0x0000742a5c31e1c0, 0x0000742a5c31e270]
Event: 0.388 Thread 0x0000742a6c16e800  397       1       java.lang.NamedPackage::module (5 bytes)
Event: 0.388 Thread 0x0000742a6c16e800 nmethod 397 0x0000742a5c31e310 code [0x0000742a5c31e4c0, 0x0000742a5c31e570]
Event: 0.388 Thread 0x0000742a6c16e800  405       3       java.util.jar.JarFile::maybeInstantiateVerifier (112 bytes)
Event: 0.389 Thread 0x0000742a6c16e800 nmethod 405 0x0000742a54e4e490 code [0x0000742a54e4e7e0, 0x0000742a54e4f970]
Event: 0.390 Thread 0x0000742a6c16e800  406  s!   3       jdk.internal.loader.URLClassPath::getLoader (194 bytes)
Event: 0.393 Thread 0x0000742a6c16e800 nmethod 406 0x0000742a54e50010 code [0x0000742a54e503e0, 0x0000742a54e52120]
Event: 0.393 Thread 0x0000742a6c16e800  407       3       jdk.internal.ref.CleanerImpl::getCleanerImpl (13 bytes)
Event: 0.393 Thread 0x0000742a6c16e800 nmethod 407 0x0000742a54e52d10 code [0x0000742a54e52ee0, 0x0000742a54e53160]
Event: 0.393 Thread 0x0000742a6c16e800  408       3       java.lang.ref.Cleaner$1::apply (9 bytes)
Event: 0.393 Thread 0x0000742a6c16e800 nmethod 408 0x0000742a54e53210 code [0x0000742a54e533e0, 0x0000742a54e53630]

GC Heap History (0 events):
No events

Deoptimization events (4 events):
Event: 0.118 Thread 0x0000742a6c027000 Uncommon trap: trap_request=0xffffff4d fr.pc=0x0000742a5c307b20 relative=0x0000000000000180
Event: 0.118 Thread 0x0000742a6c027000 Uncommon trap: reason=unstable_if action=reinterpret pc=0x0000742a5c307b20 method=java.lang.String.hashCode()I @ 14 c2
Event: 0.118 Thread 0x0000742a6c027000 DEOPT PACKING pc=0x0000742a5c307b20 sp=0x0000742a71ee20f0
Event: 0.118 Thread 0x0000742a6c027000 DEOPT UNPACKING pc=0x0000742a548452a5 sp=0x0000742a71ee20a8 mode 2

Classes redefined (0 events):
No events

Internal exceptions (4 events):
Event: 0.201 Thread 0x0000742a6c027000 Exception <a 'java/lang/NoSuchMethodError'{0x000000008bab5238}: 'int java.lang.invoke.DirectMethodHandle$Holder.invokeStaticInit(java.lang.Object, java.lang.Object, java.lang.Object, java.lang.Object)'> (0x000000008bab5238) thrown at [./src/hotspot/share/interpreter/linkResolver.cpp, line 773]
Event: 0.203 Thread 0x0000742a6c027000 Exception <a 'java/lang/IncompatibleClassChangeError'{0x000000008babfae8}: Found class java.lang.Object, but interface was expected> (0x000000008babfae8) thrown at [./src/hotspot/share/interpreter/linkResolver.cpp, line 839]
Event: 0.204 Thread 0x0000742a6c027000 Exception <a 'java/lang/NoSuchMethodError'{0x000000008bac2da8}: 'void java.lang.invoke.DirectMethodHandle$Holder.invokeStaticInit(java.lang.Object, java.lang.Object)'> (0x000000008bac2da8) thrown at [./src/hotspot/share/interpreter/linkResolver.cpp, line 773]
Event: 0.205 Thread 0x0000742a6c027000 Exception <a 'java/lang/NoSuchMethodError'{0x000000008bac8f00}: 'int java.lang.invoke.DirectMethodHandle$Holder.invokeStaticInit(java.lang.Object, java.lang.Object)'> (0x000000008bac8f00) thrown at [./src/hotspot/share/interpreter/linkResolver.cpp, line 773]

Events (20 events):
Event: 0.386 loading class com/raylib/Raylib$Texture
Event: 0.386 loading class com/raylib/Raylib$Texture done
Event: 0.386 loading class com/raylib/Raylib$Color
Event: 0.386 loading class com/raylib/Raylib$Color done
Event: 0.386 loading class com/raylib/Raylib$Camera2D
Event: 0.386 loading class com/raylib/Raylib$Camera2D done
Event: 0.387 loading class com/raylib/Raylib$Camera3D
Event: 0.387 loading class com/raylib/Raylib$Camera3D done
Event: 0.387 loading class com/raylib/Raylib$Font
Event: 0.387 loading class com/raylib/Raylib$Font done
Event: 0.387 loading class com/raylib/Raylib$Rectangle
Event: 0.387 loading class com/raylib/Raylib$Rectangle done
Event: 0.387 loading class com/raylib/Raylib$GlyphInfo
Event: 0.387 loading class com/raylib/Raylib$GlyphInfo done
Event: 0.388 loading class com/raylib/Raylib$Image
Event: 0.388 loading class com/raylib/Raylib$Image done
Event: 0.390 loading class com/raylib/Raylib$NPatchInfo
Event: 0.390 loading class com/raylib/Raylib$NPatchInfo done
Event: 0.390 loading class com/raylib/Raylib$RenderTexture
Event: 0.390 loading class com/raylib/Raylib$RenderTexture done


Dynamic libraries:
84000000-8bc00000 rw-p 00000000 00:00 0 
8bc00000-100000000 ---p 00000000 00:00 0 
100000000-1000e0000 rw-p 00000000 00:00 0 
1000e0000-140000000 ---p 00000000 00:00 0 
60b455e0b000-60b455e0c000 r-xp 00000000 07:03 837503                     /opt/java/11.0.14/bin/java
60b455e0d000-60b455e0e000 r--p 00001000 07:03 837503                     /opt/java/11.0.14/bin/java
60b455e0e000-60b455e0f000 rw-p 00002000 07:03 837503                     /opt/java/11.0.14/bin/java
60b4577a8000-60b4577c9000 rw-p 00000000 00:00 0                          [heap]
742a14000000-742a14021000 rw-p 00000000 00:00 0 
742a14021000-742a18000000 ---p 00000000 00:00 0 
742a18000000-742a18021000 rw-p 00000000 00:00 0 
742a18021000-742a1c000000 ---p 00000000 00:00 0 
742a1c000000-742a1c21e000 rw-p 00000000 00:00 0 
742a1c21e000-742a20000000 ---p 00000000 00:00 0 
742a20000000-742a20108000 rw-p 00000000 00:00 0 
742a20108000-742a24000000 ---p 00000000 00:00 0 
742a24000000-742a24021000 rw-p 00000000 00:00 0 
742a24021000-742a28000000 ---p 00000000 00:00 0 
742a28000000-742a28021000 rw-p 00000000 00:00 0 
742a28021000-742a2c000000 ---p 00000000 00:00 0 
742a2c000000-742a2c021000 rw-p 00000000 00:00 0 
742a2c021000-742a30000000 ---p 00000000 00:00 0 
742a30000000-742a30021000 rw-p 00000000 00:00 0 
742a30021000-742a34000000 ---p 00000000 00:00 0 
742a34000000-742a34021000 rw-p 00000000 00:00 0 
742a34021000-742a38000000 ---p 00000000 00:00 0 
742a38000000-742a38021000 rw-p 00000000 00:00 0 
742a38021000-742a3c000000 ---p 00000000 00:00 0 
742a3c000000-742a3c021000 rw-p 00000000 00:00 0 
742a3c021000-742a40000000 ---p 00000000 00:00 0 
742a40000000-742a40021000 rw-p 00000000 00:00 0 
742a40021000-742a44000000 ---p 00000000 00:00 0 
742a44f56000-742a44f5a000 ---p 00000000 00:00 0 
742a44f5a000-742a45057000 rw-p 00000000 00:00 0 
742a45057000-742a450ed000 r--p 00000000 07:03 132120                     /usr/lib/x86_64-linux-gnu/libstdc++.so.6.0.28
742a450ed000-742a451de000 r-xp 00096000 07:03 132120                     /usr/lib/x86_64-linux-gnu/libstdc++.so.6.0.28
742a451de000-742a45227000 r--p 00187000 07:03 132120                     /usr/lib/x86_64-linux-gnu/libstdc++.so.6.0.28
742a45227000-742a45228000 ---p 001d0000 07:03 132120                     /usr/lib/x86_64-linux-gnu/libstdc++.so.6.0.28
742a45228000-742a45233000 r--p 001d0000 07:03 132120                     /usr/lib/x86_64-linux-gnu/libstdc++.so.6.0.28
742a45233000-742a45236000 rw-p 001db000 07:03 132120                     /usr/lib/x86_64-linux-gnu/libstdc++.so.6.0.28
742a45236000-742a45239000 rw-p 00000000 00:00 0 
742a45239000-742a452a6000 r--p 00000000 07:03 1443207                    /home/codespace/.javacpp/cache/jaylib-5.0.0-0.jar/com/raylib/linux-x86_64/libjniRaylib.so
742a452a6000-742a454f9000 r-xp 0006d000 07:03 1443207                    /home/codespace/.javacpp/cache/jaylib-5.0.0-0.jar/com/raylib/linux-x86_64/libjniRaylib.so
742a454f9000-742a45591000 r--p 002c0000 07:03 1443207                    /home/codespace/.javacpp/cache/jaylib-5.0.0-0.jar/com/raylib/linux-x86_64/libjniRaylib.so
742a45591000-742a45592000 ---p 00358000 07:03 1443207                    /home/codespace/.javacpp/cache/jaylib-5.0.0-0.jar/com/raylib/linux-x86_64/libjniRaylib.so
742a45592000-742a45593000 r--p 00358000 07:03 1443207                    /home/codespace/.javacpp/cache/jaylib-5.0.0-0.jar/com/raylib/linux-x86_64/libjniRaylib.so
742a45593000-742a4559d000 rw-p 00359000 07:03 1443207                    /home/codespace/.javacpp/cache/jaylib-5.0.0-0.jar/com/raylib/linux-x86_64/libjniRaylib.so
742a4559d000-742a455d6000 rw-p 00000000 00:00 0 
742a455d6000-742a455ee000 r--p 00000000 07:03 402339                     /usr/lib/x86_64-linux-gnu/libX11.so.6.3.0
742a455ee000-742a45679000 r-xp 00018000 07:03 402339                     /usr/lib/x86_64-linux-gnu/libX11.so.6.3.0
742a45679000-742a4570d000 r--p 000a3000 07:03 402339                     /usr/lib/x86_64-linux-gnu/libX11.so.6.3.0
742a4570d000-742a4570e000 ---p 00137000 07:03 402339                     /usr/lib/x86_64-linux-gnu/libX11.so.6.3.0
742a4570e000-742a4570f000 r--p 00137000 07:03 402339                     /usr/lib/x86_64-linux-gnu/libX11.so.6.3.0
742a4570f000-742a45713000 rw-p 00138000 07:03 402339                     /usr/lib/x86_64-linux-gnu/libX11.so.6.3.0
742a45713000-742a45717000 ---p 00000000 00:00 0 
742a45717000-742a45814000 rw-p 00000000 00:00 0 
742a45814000-742a45815000 ---p 00000000 00:00 0 
742a45815000-742a45916000 rw-p 00000000 00:00 0 
742a45916000-742a4591a000 ---p 00000000 00:00 0 
742a4591a000-742a45a17000 rw-p 00000000 00:00 0 
742a45a17000-742a45a1b000 ---p 00000000 00:00 0 
742a45a1b000-742a45b18000 rw-p 00000000 00:00 0 
742a45b18000-742a45b1c000 ---p 00000000 00:00 0 
742a45b1c000-742a45c19000 rw-p 00000000 00:00 0 
742a45c19000-742a45c1d000 ---p 00000000 00:00 0 
742a45c1d000-742a45d1a000 rw-p 00000000 00:00 0 
742a45d1a000-742a46000000 r--p 00000000 07:03 541574                     /usr/lib/locale/locale-archive
742a46000000-742a48000000 rw-p 00000000 00:00 0 
742a48000000-742a48021000 rw-p 00000000 00:00 0 
742a48021000-742a4c000000 ---p 00000000 00:00 0 
742a4c0ca000-742a4c0cd000 r--p 00000000 07:03 132035                     /usr/lib/x86_64-linux-gnu/libgcc_s.so.1
742a4c0cd000-742a4c0df000 r-xp 00003000 07:03 132035                     /usr/lib/x86_64-linux-gnu/libgcc_s.so.1
742a4c0df000-742a4c0e3000 r--p 00015000 07:03 132035                     /usr/lib/x86_64-linux-gnu/libgcc_s.so.1
742a4c0e3000-742a4c0e4000 r--p 00018000 07:03 132035                     /usr/lib/x86_64-linux-gnu/libgcc_s.so.1
742a4c0e4000-742a4c0e5000 rw-p 00019000 07:03 132035                     /usr/lib/x86_64-linux-gnu/libgcc_s.so.1
742a4c0e5000-742a4c0e9000 r--p 00000000 07:03 402391                     /usr/lib/x86_64-linux-gnu/libbsd.so.0.10.0
742a4c0e9000-742a4c0f8000 r-xp 00004000 07:03 402391                     /usr/lib/x86_64-linux-gnu/libbsd.so.0.10.0
742a4c0f8000-742a4c0fb000 r--p 00013000 07:03 402391                     /usr/lib/x86_64-linux-gnu/libbsd.so.0.10.0
742a4c0fb000-742a4c0fc000 ---p 00016000 07:03 402391                     /usr/lib/x86_64-linux-gnu/libbsd.so.0.10.0
742a4c0fc000-742a4c0fd000 r--p 00016000 07:03 402391                     /usr/lib/x86_64-linux-gnu/libbsd.so.0.10.0
742a4c0fd000-742a4c0fe000 rw-p 00017000 07:03 402391                     /usr/lib/x86_64-linux-gnu/libbsd.so.0.10.0
742a4c0fe000-742a4c0ff000 rw-p 00000000 00:00 0 
742a4c0ff000-742a4c103000 ---p 00000000 00:00 0 
742a4c103000-742a4c3f0000 rw-p 00000000 00:00 0 
742a4c3f0000-742a4e100000 ---p 00000000 00:00 0 
742a4e100000-742a4e2f0000 rw-p 00000000 00:00 0 
742a4e2f0000-742a50000000 ---p 00000000 00:00 0 
742a50000000-742a50021000 rw-p 00000000 00:00 0 
742a50021000-742a54000000 ---p 00000000 00:00 0 
742a54013000-742a5401e000 r--p 00000000 07:03 402740                     /usr/lib/x86_64-linux-gnu/libxcb.so.1.1.0
742a5401e000-742a54032000 r-xp 0000b000 07:03 402740                     /usr/lib/x86_64-linux-gnu/libxcb.so.1.1.0
742a54032000-742a5403b000 r--p 0001f000 07:03 402740                     /usr/lib/x86_64-linux-gnu/libxcb.so.1.1.0
742a5403b000-742a5403c000 r--p 00027000 07:03 402740                     /usr/lib/x86_64-linux-gnu/libxcb.so.1.1.0
742a5403c000-742a5403d000 rw-p 00028000 07:03 402740                     /usr/lib/x86_64-linux-gnu/libxcb.so.1.1.0
742a5403d000-742a5483d000 rw-p 00000000 00:00 0 
742a5483d000-742a54aad000 rwxp 00000000 00:00 0 
742a54aad000-742a54dcc000 ---p 00000000 00:00 0 
742a54dcc000-742a5503c000 rwxp 00000000 00:00 0 
742a5503c000-742a5c304000 ---p 00000000 00:00 0 
742a5c304000-742a5c574000 rwxp 00000000 00:00 0 
742a5c574000-742a6383d000 ---p 00000000 00:00 0 
742a6383d000-742a6c000000 r--s 00000000 07:03 837883                     /opt/java/11.0.14/lib/modules
742a6c000000-742a6c349000 rw-p 00000000 00:00 0 
742a6c349000-742a70000000 ---p 00000000 00:00 0 
742a70019000-742a7001b000 r--p 00000000 07:03 402347                     /usr/lib/x86_64-linux-gnu/libXdmcp.so.6.0.0
742a7001b000-742a7001d000 r-xp 00002000 07:03 402347                     /usr/lib/x86_64-linux-gnu/libXdmcp.so.6.0.0
742a7001d000-742a7001f000 r--p 00004000 07:03 402347                     /usr/lib/x86_64-linux-gnu/libXdmcp.so.6.0.0
742a7001f000-742a70020000 r--p 00005000 07:03 402347                     /usr/lib/x86_64-linux-gnu/libXdmcp.so.6.0.0
742a70020000-742a70021000 rw-p 00006000 07:03 402347                     /usr/lib/x86_64-linux-gnu/libXdmcp.so.6.0.0
742a70021000-742a70022000 r--p 00000000 07:03 402343                     /usr/lib/x86_64-linux-gnu/libXau.so.6.0.0
742a70022000-742a70024000 r-xp 00001000 07:03 402343                     /usr/lib/x86_64-linux-gnu/libXau.so.6.0.0
742a70024000-742a70025000 r--p 00003000 07:03 402343                     /usr/lib/x86_64-linux-gnu/libXau.so.6.0.0
742a70025000-742a70026000 r--p 00003000 07:03 402343                     /usr/lib/x86_64-linux-gnu/libXau.so.6.0.0
742a70026000-742a70027000 rw-p 00004000 07:03 402343                     /usr/lib/x86_64-linux-gnu/libXau.so.6.0.0
742a70031000-742a70033000 r-xp 00000000 07:03 837889                     /opt/java/11.0.14/lib/libextnet.so
742a70033000-742a70034000 r--p 00001000 07:03 837889                     /opt/java/11.0.14/lib/libextnet.so
742a70034000-742a70035000 rw-p 00002000 07:03 837889                     /opt/java/11.0.14/lib/libextnet.so
742a70035000-742a70066000 rw-p 00000000 00:00 0 
742a70066000-742a7007b000 r-xp 00000000 07:03 837865                     /opt/java/11.0.14/lib/libnet.so
742a7007b000-742a7007c000 r--p 00014000 07:03 837865                     /opt/java/11.0.14/lib/libnet.so
742a7007c000-742a7007d000 rw-p 00015000 07:03 837865                     /opt/java/11.0.14/lib/libnet.so
742a7007d000-742a7008d000 r-xp 00000000 07:03 837886                     /opt/java/11.0.14/lib/libnio.so
742a7008d000-742a7008e000 r--p 0000f000 07:03 837886                     /opt/java/11.0.14/lib/libnio.so
742a7008e000-742a7008f000 rw-p 00010000 07:03 837886                     /opt/java/11.0.14/lib/libnio.so
742a7008f000-742a700c1000 r--p 00000000 07:03 131619                     /usr/lib/locale/C.UTF-8/LC_CTYPE
742a700c1000-742a700c2000 r--p 00000000 07:03 131626                     /usr/lib/locale/C.UTF-8/LC_NUMERIC
742a700c2000-742a700c3000 r--p 00000000 07:03 131629                     /usr/lib/locale/C.UTF-8/LC_TIME
742a700c3000-742a70236000 r--p 00000000 07:03 131618                     /usr/lib/locale/C.UTF-8/LC_COLLATE
742a70236000-742a70237000 r--p 00000000 07:03 131624                     /usr/lib/locale/C.UTF-8/LC_MONETARY
742a70237000-742a70238000 r--p 00000000 07:03 131623                     /usr/lib/locale/C.UTF-8/LC_MESSAGES/SYS_LC_MESSAGES
742a70238000-742a70239000 r--p 00000000 07:03 131627                     /usr/lib/locale/C.UTF-8/LC_PAPER
742a70239000-742a7023a000 r--p 00000000 07:03 131625                     /usr/lib/locale/C.UTF-8/LC_NAME
742a7023a000-742a7023b000 r--p 00000000 07:03 131617                     /usr/lib/locale/C.UTF-8/LC_ADDRESS
742a7023b000-742a7023c000 r--p 00000000 07:03 131628                     /usr/lib/locale/C.UTF-8/LC_TELEPHONE
742a7023c000-742a7023d000 r--p 00000000 07:03 131621                     /usr/lib/locale/C.UTF-8/LC_MEASUREMENT
742a7023d000-742a70244000 r--s 00000000 07:03 131981                     /usr/lib/x86_64-linux-gnu/gconv/gconv-modules.cache
742a70244000-742a70248000 ---p 00000000 00:00 0 
742a70248000-742a70345000 rw-p 00000000 00:00 0 
742a70345000-742a70349000 ---p 00000000 00:00 0 
742a70349000-742a70446000 rw-p 00000000 00:00 0 
742a70446000-742a70447000 ---p 00000000 00:00 0 
742a70447000-742a7068e000 rw-p 00000000 00:00 0 
742a7068e000-742a7068f000 ---p 00000000 00:00 0 
742a7068f000-742a70790000 rw-p 00000000 00:00 0 
742a70790000-742a70791000 ---p 00000000 00:00 0 
742a70791000-742a70a94000 rw-p 00000000 00:00 0 
742a70a94000-742a70a95000 ---p 00000000 00:00 0 
742a70a95000-742a70b96000 rw-p 00000000 00:00 0 
742a70b96000-742a70b97000 ---p 00000000 00:00 0 
742a70b97000-742a70d18000 rw-p 00000000 00:00 0 
742a70d18000-742a710ba000 ---p 00000000 00:00 0 
742a710ba000-742a710f8000 rw-p 00000000 00:00 0 
742a710f8000-742a7149a000 ---p 00000000 00:00 0 
742a7149a000-742a714d8000 rw-p 00000000 00:00 0 
742a714d8000-742a7187a000 ---p 00000000 00:00 0 
742a7187a000-742a71a7c000 rw-p 00000000 00:00 0 
742a71a7c000-742a71a7d000 ---p 00000000 00:00 0 
742a71a7d000-742a71b83000 rw-p 00000000 00:00 0 
742a71b83000-742a71c69000 ---p 00000000 00:00 0 
742a71c69000-742a71c6e000 rw-p 00000000 00:00 0 
742a71c6e000-742a71d54000 ---p 00000000 00:00 0 
742a71d54000-742a71d59000 rw-p 00000000 00:00 0 
742a71d59000-742a71d60000 ---p 00000000 00:00 0 
742a71d60000-742a71d63000 r--p 00000000 07:03 132075                     /usr/lib/x86_64-linux-gnu/libnss_files-2.31.so
742a71d63000-742a71d6a000 r-xp 00003000 07:03 132075                     /usr/lib/x86_64-linux-gnu/libnss_files-2.31.so
742a71d6a000-742a71d6c000 r--p 0000a000 07:03 132075                     /usr/lib/x86_64-linux-gnu/libnss_files-2.31.so
742a71d6c000-742a71d6d000 r--p 0000b000 07:03 132075                     /usr/lib/x86_64-linux-gnu/libnss_files-2.31.so
742a71d6d000-742a71d6e000 rw-p 0000c000 07:03 132075                     /usr/lib/x86_64-linux-gnu/libnss_files-2.31.so
742a71d6e000-742a71d74000 rw-p 00000000 00:00 0 
742a71d74000-742a71d7b000 r-xp 00000000 07:03 837867                     /opt/java/11.0.14/lib/libzip.so
742a71d7b000-742a71d7c000 ---p 00007000 07:03 837867                     /opt/java/11.0.14/lib/libzip.so
742a71d7c000-742a71d7d000 r--p 00007000 07:03 837867                     /opt/java/11.0.14/lib/libzip.so
742a71d7d000-742a71d7e000 rw-p 00008000 07:03 837867                     /opt/java/11.0.14/lib/libzip.so
742a71d7e000-742a71d99000 r-xp 00000000 07:03 837896                     /opt/java/11.0.14/lib/libjimage.so
742a71d99000-742a71d9a000 ---p 0001b000 07:03 837896                     /opt/java/11.0.14/lib/libjimage.so
742a71d9a000-742a71d9c000 r--p 0001b000 07:03 837896                     /opt/java/11.0.14/lib/libjimage.so
742a71d9c000-742a71d9d000 rw-p 0001d000 07:03 837896                     /opt/java/11.0.14/lib/libjimage.so
742a71d9d000-742a71dc6000 r-xp 00000000 07:03 837863                     /opt/java/11.0.14/lib/libjava.so
742a71dc6000-742a71dc7000 ---p 00029000 07:03 837863                     /opt/java/11.0.14/lib/libjava.so
742a71dc7000-742a71dc8000 r--p 00029000 07:03 837863                     /opt/java/11.0.14/lib/libjava.so
742a71dc8000-742a71dc9000 rw-p 0002a000 07:03 837863                     /opt/java/11.0.14/lib/libjava.so
742a71dc9000-742a71dca000 rw-p 00000000 00:00 0 
742a71dca000-742a71dd7000 r-xp 00000000 07:03 837929                     /opt/java/11.0.14/lib/libverify.so
742a71dd7000-742a71dd9000 r--p 0000c000 07:03 837929                     /opt/java/11.0.14/lib/libverify.so
742a71dd9000-742a71dda000 rw-p 0000e000 07:03 837929                     /opt/java/11.0.14/lib/libverify.so
742a71dda000-742a71ddc000 r--p 00000000 07:03 132108                     /usr/lib/x86_64-linux-gnu/librt-2.31.so
742a71ddc000-742a71de0000 r-xp 00002000 07:03 132108                     /usr/lib/x86_64-linux-gnu/librt-2.31.so
742a71de0000-742a71de2000 r--p 00006000 07:03 132108                     /usr/lib/x86_64-linux-gnu/librt-2.31.so
742a71de2000-742a71de3000 r--p 00007000 07:03 132108                     /usr/lib/x86_64-linux-gnu/librt-2.31.so
742a71de3000-742a71de4000 rw-p 00008000 07:03 132108                     /usr/lib/x86_64-linux-gnu/librt-2.31.so
742a71de4000-742a71de8000 ---p 00000000 00:00 0 
742a71de8000-742a71ee5000 rw-p 00000000 00:00 0 
742a71ee5000-742a71ef2000 r--p 00000000 07:03 132052                     /usr/lib/x86_64-linux-gnu/libm-2.31.so
742a71ef2000-742a71f99000 r-xp 0000d000 07:03 132052                     /usr/lib/x86_64-linux-gnu/libm-2.31.so
742a71f99000-742a72032000 r--p 000b4000 07:03 132052                     /usr/lib/x86_64-linux-gnu/libm-2.31.so
742a72032000-742a72033000 r--p 0014c000 07:03 132052                     /usr/lib/x86_64-linux-gnu/libm-2.31.so
742a72033000-742a72034000 rw-p 0014d000 07:03 132052                     /usr/lib/x86_64-linux-gnu/libm-2.31.so
742a72034000-742a732b3000 r-xp 00000000 07:03 837901                     /opt/java/11.0.14/lib/server/libjvm.so
742a732b3000-742a732b4000 ---p 0127f000 07:03 837901                     /opt/java/11.0.14/lib/server/libjvm.so
742a732b4000-742a73379000 r--p 0127f000 07:03 837901                     /opt/java/11.0.14/lib/server/libjvm.so
742a73379000-742a733b4000 rw-p 01344000 07:03 837901                     /opt/java/11.0.14/lib/server/libjvm.so
742a733b4000-742a7340d000 rw-p 00000000 00:00 0 
742a7340d000-742a7342f000 r--p 00000000 07:03 132010                     /usr/lib/x86_64-linux-gnu/libc-2.31.so
742a7342f000-742a735a7000 r-xp 00022000 07:03 132010                     /usr/lib/x86_64-linux-gnu/libc-2.31.so
742a735a7000-742a735f5000 r--p 0019a000 07:03 132010                     /usr/lib/x86_64-linux-gnu/libc-2.31.so
742a735f5000-742a735f9000 r--p 001e7000 07:03 132010                     /usr/lib/x86_64-linux-gnu/libc-2.31.so
742a735f9000-742a735fb000 rw-p 001eb000 07:03 132010                     /usr/lib/x86_64-linux-gnu/libc-2.31.so
742a735fb000-742a735ff000 rw-p 00000000 00:00 0 
742a735ff000-742a73600000 r--p 00000000 07:03 132021                     /usr/lib/x86_64-linux-gnu/libdl-2.31.so
742a73600000-742a73602000 r-xp 00001000 07:03 132021                     /usr/lib/x86_64-linux-gnu/libdl-2.31.so
742a73602000-742a73603000 r--p 00003000 07:03 132021                     /usr/lib/x86_64-linux-gnu/libdl-2.31.so
742a73603000-742a73604000 r--p 00003000 07:03 132021                     /usr/lib/x86_64-linux-gnu/libdl-2.31.so
742a73604000-742a73605000 rw-p 00004000 07:03 132021                     /usr/lib/x86_64-linux-gnu/libdl-2.31.so
742a73605000-742a73615000 r-xp 00000000 07:03 837875                     /opt/java/11.0.14/lib/jli/libjli.so
742a73615000-742a73616000 r--p 0000f000 07:03 837875                     /opt/java/11.0.14/lib/jli/libjli.so
742a73616000-742a73617000 rw-p 00010000 07:03 837875                     /opt/java/11.0.14/lib/jli/libjli.so
742a73617000-742a7361d000 r--p 00000000 07:03 132104                     /usr/lib/x86_64-linux-gnu/libpthread-2.31.so
742a7361d000-742a7362e000 r-xp 00006000 07:03 132104                     /usr/lib/x86_64-linux-gnu/libpthread-2.31.so
742a7362e000-742a73634000 r--p 00017000 07:03 132104                     /usr/lib/x86_64-linux-gnu/libpthread-2.31.so
742a73634000-742a73635000 r--p 0001c000 07:03 132104                     /usr/lib/x86_64-linux-gnu/libpthread-2.31.so
742a73635000-742a73636000 rw-p 0001d000 07:03 132104                     /usr/lib/x86_64-linux-gnu/libpthread-2.31.so
742a73636000-742a7363a000 rw-p 00000000 00:00 0 
742a7363a000-742a7363c000 r--p 00000000 07:03 132140                     /usr/lib/x86_64-linux-gnu/libz.so.1.2.11
742a7363c000-742a7364d000 r-xp 00002000 07:03 132140                     /usr/lib/x86_64-linux-gnu/libz.so.1.2.11
742a7364d000-742a73653000 r--p 00013000 07:03 132140                     /usr/lib/x86_64-linux-gnu/libz.so.1.2.11
742a73653000-742a73654000 ---p 00019000 07:03 132140                     /usr/lib/x86_64-linux-gnu/libz.so.1.2.11
742a73654000-742a73655000 r--p 00019000 07:03 132140                     /usr/lib/x86_64-linux-gnu/libz.so.1.2.11
742a73655000-742a73656000 rw-p 0001a000 07:03 132140                     /usr/lib/x86_64-linux-gnu/libz.so.1.2.11
742a73656000-742a7365e000 rw-s 00000000 08:01 2228242                    /tmp/hsperfdata_codespace/10942
742a7365e000-742a7365f000 ---p 00000000 00:00 0 
742a7365f000-742a73660000 r--p 00000000 00:00 0 
742a73660000-742a73662000 rw-p 00000000 00:00 0 
742a73662000-742a73663000 r--p 00000000 07:03 131988                     /usr/lib/x86_64-linux-gnu/ld-2.31.so
742a73663000-742a73686000 r-xp 00001000 07:03 131988                     /usr/lib/x86_64-linux-gnu/ld-2.31.so
742a73686000-742a7368e000 r--p 00024000 07:03 131988                     /usr/lib/x86_64-linux-gnu/ld-2.31.so
742a7368e000-742a7368f000 r--p 00000000 07:03 131620                     /usr/lib/locale/C.UTF-8/LC_IDENTIFICATION
742a7368f000-742a73690000 r--p 0002c000 07:03 131988                     /usr/lib/x86_64-linux-gnu/ld-2.31.so
742a73690000-742a73691000 rw-p 0002d000 07:03 131988                     /usr/lib/x86_64-linux-gnu/ld-2.31.so
742a73691000-742a73692000 rw-p 00000000 00:00 0 
7ffc2f33c000-7ffc2f35e000 rw-p 00000000 00:00 0                          [stack]
7ffc2f3f0000-7ffc2f3f4000 r--p 00000000 00:00 0                          [vvar]
7ffc2f3f4000-7ffc2f3f6000 r-xp 00000000 00:00 0                          [vdso]
ffffffffff600000-ffffffffff601000 --xp 00000000 00:00 0                  [vsyscall]


VM Arguments:
java_command: Client
java_class_path (initial): target/client:client/jars/jaylib-5.0.0-0.jar:target/common
Launcher Type: SUN_STANDARD

[Global flags]
     intx CICompilerCount                          = 2                                         {product} {ergonomic}
     uint ConcGCThreads                            = 1                                         {product} {ergonomic}
     uint G1ConcRefinementThreads                  = 2                                         {product} {ergonomic}
   size_t G1HeapRegionSize                         = 1048576                                   {product} {ergonomic}
    uintx GCDrainStackTargetSize                   = 64                                        {product} {ergonomic}
   size_t InitialHeapSize                          = 130023424                                 {product} {ergonomic}
   size_t MarkStackSize                            = 4194304                                   {product} {ergonomic}
   size_t MaxHeapSize                              = 2080374784                                {product} {ergonomic}
   size_t MaxNewSize                               = 1247805440                                {product} {ergonomic}
   size_t MinHeapDeltaBytes                        = 1048576                                   {product} {ergonomic}
    uintx NonNMethodCodeHeapSize                   = 5825164                                {pd product} {ergonomic}
    uintx NonProfiledCodeHeapSize                  = 122916538                              {pd product} {ergonomic}
    uintx ProfiledCodeHeapSize                     = 122916538                              {pd product} {ergonomic}
    uintx ReservedCodeCacheSize                    = 251658240                              {pd product} {ergonomic}
     bool SegmentedCodeCache                       = true                                      {product} {ergonomic}
     bool UseCompressedClassPointers               = true                                 {lp64_product} {ergonomic}
     bool UseCompressedOops                        = true                                 {lp64_product} {ergonomic}
     bool UseG1GC                                  = true                                      {product} {ergonomic}

Logging:
Log output configuration:
 #0: stdout all=warning uptime,level,tags
 #1: stderr all=off uptime,level,tags

Environment Variables:
JAVA_HOME=/usr/local/sdkman/candidates/java/current
PATH=/usr/local/rvm/gems/ruby-3.2.3/bin:/usr/local/rvm/gems/ruby-3.2.3@global/bin:/usr/local/rvm/rubies/ruby-3.2.3/bin:/vscode/bin/linux-x64/dc96b837cf6bb4af9cd736aa3af08cf8279f7685/bin/remote-cli:/home/codespace/.local/bin:/home/codespace/.dotnet:/home/codespace/nvm/current/bin:/home/codespace/.php/current/bin:/home/codespace/.python/current/bin:/home/codespace/java/current/bin:/home/codespace/.ruby/current/bin:/home/codespace/.local/bin:/usr/local/python/current/bin:/usr/local/py-utils/bin:/usr/local/oryx:/usr/local/go/bin:/go/bin:/usr/local/sdkman/bin:/usr/local/sdkman/candidates/java/current/bin:/usr/local/sdkman/candidates/gradle/current/bin:/usr/local/sdkman/candidates/maven/current/bin:/usr/local/sdkman/candidates/ant/current/bin:/usr/local/rvm/gems/default/bin:/usr/local/rvm/gems/default@global/bin:/usr/local/rvm/rubies/default/bin:/usr/local/share/rbenv/bin:/usr/local/php/current/bin:/opt/conda/bin:/usr/local/nvs:/usr/local/share/nvm/versions/node/v20.12.1/bin:/usr/local/hugo/bin:/usr/local/sbin:/usr/local/bin:/usr/sbin:/usr/bin:/sbin:/bin:/usr/share/dotnet:/home/codespace/.dotnet/tools:/usr/local/rvm/bin
SHELL=/bin/bash
LANG=C.UTF-8

Signal Handlers:
SIGSEGV: [libjvm.so+0xf4e140], sa_mask[0]=11111111011111111101111111111110, sa_flags=SA_RESTART|SA_SIGINFO
SIGBUS: [libjvm.so+0xf4e140], sa_mask[0]=11111111011111111101111111111110, sa_flags=SA_RESTART|SA_SIGINFO
SIGFPE: [libjvm.so+0xf4e140], sa_mask[0]=11111111011111111101111111111110, sa_flags=SA_RESTART|SA_SIGINFO
SIGPIPE: [libjvm.so+0xc6f2d0], sa_mask[0]=11111111011111111101111111111110, sa_flags=SA_RESTART|SA_SIGINFO
SIGXFSZ: [libjvm.so+0xc6f2d0], sa_mask[0]=11111111011111111101111111111110, sa_flags=SA_RESTART|SA_SIGINFO
SIGILL: [libjvm.so+0xf4e140], sa_mask[0]=11111111011111111101111111111110, sa_flags=SA_RESTART|SA_SIGINFO
SIGUSR2: [libjvm.so+0xc6f170], sa_mask[0]=00000000000000000000000000000000, sa_flags=SA_RESTART|SA_SIGINFO
SIGHUP: [libjvm.so+0xc6f4d0], sa_mask[0]=11111111011111111101111111111110, sa_flags=SA_RESTART|SA_SIGINFO
SIGINT: SIG_IGN, sa_mask[0]=00000000000000000000000000000000, sa_flags=none
SIGTERM: [libjvm.so+0xc6f4d0], sa_mask[0]=11111111011111111101111111111110, sa_flags=SA_RESTART|SA_SIGINFO
SIGQUIT: [libjvm.so+0xc6f4d0], sa_mask[0]=11111111011111111101111111111110, sa_flags=SA_RESTART|SA_SIGINFO


---------------  S Y S T E M  ---------------

OS:DISTRIB_ID=Ubuntu
DISTRIB_RELEASE=20.04
DISTRIB_CODENAME=focal
DISTRIB_DESCRIPTION="Ubuntu 20.04.6 LTS"
uname:Linux 6.5.0-1019-azure #20~22.04.1-Ubuntu SMP Wed Apr  3 03:28:18 UTC 2024 x86_64
OS uptime: 0 days 1:13 hours
libc:glibc 2.31 NPTL 2.31 
rlimit (soft/hard): STACK 8192k/infinity , CORE infinity/infinity , NPROC infinity/infinity , NOFILE 1048576/1048576 , AS infinity/infinity , CPU infinity/infinity , DATA infinity/infinity , FSIZE infinity/infinity , MEMLOCK 8192k/8192k
load average:0.76 0.44 0.27

/proc/meminfo:
MemTotal:        8118852 kB
MemFree:          258656 kB
MemAvailable:    6026584 kB
Buffers:          271872 kB
Cached:          5571444 kB
SwapCached:            0 kB
Active:          3670984 kB
Inactive:        3690888 kB
Active(anon):    1512588 kB
Inactive(anon):    16452 kB
Active(file):    2158396 kB
Inactive(file):  3674436 kB
Unevictable:       27824 kB
Mlocked:           27824 kB
SwapTotal:             0 kB
SwapFree:              0 kB
Zswap:                 0 kB
Zswapped:              0 kB
Dirty:              5780 kB
Writeback:             0 kB
AnonPages:       1504388 kB
Mapped:           546044 kB
Shmem:              1240 kB
KReclaimable:     248408 kB
Slab:             332464 kB
SReclaimable:     248408 kB
SUnreclaim:        84056 kB
KernelStack:        6608 kB
PageTables:        19408 kB
SecPageTables:         0 kB
NFS_Unstable:          0 kB
Bounce:                0 kB
WritebackTmp:          0 kB
CommitLimit:     4059424 kB
Committed_AS:    3323780 kB
VmallocTotal:   13743895347199 kB
VmallocUsed:       44288 kB
VmallocChunk:          0 kB
Percpu:             1088 kB
HardwareCorrupted:     0 kB
AnonHugePages:    636928 kB
ShmemHugePages:        0 kB
ShmemPmdMapped:        0 kB
FileHugePages:         0 kB
FilePmdMapped:         0 kB
Unaccepted:            0 kB
HugePages_Total:       0
HugePages_Free:        0
HugePages_Rsvd:        0
HugePages_Surp:        0
Hugepagesize:       2048 kB
Hugetlb:               0 kB
DirectMap4k:      124864 kB
DirectMap2M:     5117952 kB
DirectMap1G:     5242880 kB

/sys/kernel/mm/transparent_hugepage/enabled:
[always] madvise never
/sys/kernel/mm/transparent_hugepage/defrag (defrag/compaction efforts parameter):
always defer defer+madvise [madvise] never

Process Memory:
Virtual Size: 4626976K (peak: 4627448K)
Resident Set Size: 51616K (peak: 51616K) (anon: 29028K, file: 22588K, shmem: 0K)
Swapped out: 0K
C-Heap outstanding allocations: 6014K

/proc/sys/kernel/threads-max (system-wide limit on the number of threads):
63379
/proc/sys/vm/max_map_count (maximum number of memory map areas a process may have):
65530
/proc/sys/kernel/pid_max (system-wide limit on number of process identifiers):
4194304

Hyper-V virtualization detected
Steal ticks since vm start: 0
Steal ticks percentage since vm start:  0.000

CPU:total 2 (initial active 2) (1 cores per cpu, 2 threads per core) family 6 model 106 stepping 6 microcode 0xffffffff, cmov, cx8, fxsr, mmx, sse, sse2, sse3, ssse3, sse4.1, sse4.2, popcnt, avx, avx2, aes, clmul, erms, rtm, 3dnowpref, lzcnt, ht, tsc, tscinvbit, bmi1, bmi2, adx, evex, sha, fma
CPU Model and flags from /proc/cpuinfo:
model name	: Intel(R) Xeon(R) Platinum 8370C CPU @ 2.80GHz
flags		: fpu vme de pse tsc msr pae mce cx8 apic sep mtrr pge mca cmov pat pse36 clflush mmx fxsr sse sse2 ss ht syscall nx pdpe1gb rdtscp lm constant_tsc rep_good nopl xtopology tsc_reliable nonstop_tsc cpuid aperfmperf pni pclmulqdq vmx ssse3 fma cx16 pcid sse4_1 sse4_2 movbe popcnt tsc_deadline_timer aes xsave avx f16c rdrand hypervisor lahf_lm abm 3dnowprefetch invpcid_single tpr_shadow ept vpid ept_ad fsgsbase tsc_adjust bmi1 hle avx2 smep bmi2 erms invpcid rtm avx512f avx512dq rdseed adx smap avx512ifma clflushopt clwb avx512cd sha_ni avx512bw avx512vl xsaveopt xsavec xgetbv1 xsaves vnmi avx512vbmi umip avx512_vbmi2 gfni vaes vpclmulqdq avx512_vnni avx512_bitalg avx512_vpopcntdq la57 rdpid fsrm arch_capabilities
Online cpus:
0-1
Offline cpus:

BIOS frequency limitation:
<Not Available>
Frequency switch latency (ns):
20000
Available cpu frequencies:
<Not Available>
Current governor:
performance
Core performance/turbo boost:
<Not Available>

Memory: 4k page, physical 8118852k(258656k free), swap 0k(0k free)

vm_info: OpenJDK 64-Bit Server VM (11.0.14.1+1-LTS) for linux-amd64 JRE (11.0.14.1+1-LTS), built on Feb 27 2022 08:01:51 by "vsts" with gcc 7.3.0

END.
